\BOOKMARK [0][-]{chapter.1}{Datos personales}{}% 1
\BOOKMARK [1][-]{section.1.1}{Documento Nacional de Identidad}{chapter.1}% 2
\BOOKMARK [0][-]{chapter.2}{Situaci\363n profesional}{}% 3
\BOOKMARK [1][-]{section.2.1}{Situaci\363n profesional actual}{chapter.2}% 4
\BOOKMARK [2][-]{subsection.2.1.1}{Contrato Ram\363n y Cajal Marzo 2017}{section.2.1}% 5
\BOOKMARK [1][-]{section.2.2}{Cargos y actividades desempe\361adas con anterioridad}{chapter.2}% 6
\BOOKMARK [2][-]{subsection.2.2.1}{Contrato postdoctoral ETH Enero 2017 - Febrero 2017}{section.2.2}% 7
\BOOKMARK [2][-]{subsection.2.2.2}{Contrato postdoctoral ETH Octubre 2016 - Diciembre 2016}{section.2.2}% 8
\BOOKMARK [2][-]{subsection.2.2.3}{Contrato postdoctoral ETH Abril 2016 - Septiembre 2016}{section.2.2}% 9
\BOOKMARK [2][-]{subsection.2.2.4}{Contrato postdoctoral ETH Octubre 2014 - Marzo 2016}{section.2.2}% 10
\BOOKMARK [2][-]{subsection.2.2.5}{Contrato postdoctoral ETH Octubre 2013 - Septiembre 2014}{section.2.2}% 11
\BOOKMARK [2][-]{subsection.2.2.6}{Contrato postdoctoral ETH Octubre 2012 - Septiembre 2013}{section.2.2}% 12
\BOOKMARK [2][-]{subsection.2.2.7}{Contrato postdoctoral ETH Octubre 2010 - Septiembre 2012}{section.2.2}% 13
\BOOKMARK [2][-]{subsection.2.2.8}{Descripci\363n de funciones en la ETH de Zurich}{section.2.2}% 14
\BOOKMARK [2][-]{subsection.2.2.9}{Contratado con cargo a proyecto: DESARROLLO Y OPERACION DE UN TIER-2 FEDERADO PARA EL EXPERIMENTO CMS}{section.2.2}% 15
\BOOKMARK [2][-]{subsection.2.2.10}{Becas predoctorales para el desarrollo de tesis doctorales en l\355neas de investigaci\363n con inter\351s para el sector industrial.}{section.2.2}% 16
\BOOKMARK [2][-]{subsection.2.2.11}{Beca de introducci\363n a la investigaci\363n para alumnos de \372ltimo curso de carrera}{section.2.2}% 17
\BOOKMARK [2][-]{subsection.2.2.12}{Beca de Colaboraci\363n con grupos de Investigaci\363n.}{section.2.2}% 18
\BOOKMARK [2][-]{subsection.2.2.13}{Beca de introducci\363n a la investigaci\363n para alumnos de pen\372ltimo curso de carrera.}{section.2.2}% 19
\BOOKMARK [0][-]{chapter.3}{Formaci\363n acad\351mica}{}% 20
\BOOKMARK [1][-]{section.3.1}{Estudios de primer ciclo y antiguos ciclos}{chapter.3}% 21
\BOOKMARK [2][-]{subsection.3.1.1}{T\355tulo Licenciado en ciencias F\355sicas}{section.3.1}% 22
\BOOKMARK [2][-]{subsection.3.1.2}{Expediente Acad\351mico}{section.3.1}% 23
\BOOKMARK [1][-]{section.3.2}{Doctorados}{chapter.3}% 24
\BOOKMARK [2][-]{subsection.3.2.1}{Doctor en F\355sica}{section.3.2}% 25
\BOOKMARK [1][-]{section.3.3}{Conocimiento de idiomas}{chapter.3}% 26
\BOOKMARK [2][-]{subsection.3.3.1}{Certiticado C1 ingl\351s}{section.3.3}% 27
\BOOKMARK [1][-]{section.3.4}{Formacion especializada}{chapter.3}% 28
\BOOKMARK [2][-]{subsection.3.4.1}{Taller de Altas Energ\355as}{section.3.4}% 29
\BOOKMARK [2][-]{subsection.3.4.2}{Curso de Inteligencia Artificial y Redes Neuronales}{section.3.4}% 30
\BOOKMARK [0][-]{chapter.4}{Experiencia cient\355fica y tecnol\363gica}{}% 31
\BOOKMARK [1][-]{section.4.1}{Proyectos de I+D financiados en convocatorias competitivas de Administraciones p\372blicas y privadas}{chapter.4}% 32
\BOOKMARK [2][-]{subsection.4.1.1}{CENTRO DE PROCESADO DE DATOS DE CMS TIER-2 EN EL IFCA}{section.4.1}% 33
\BOOKMARK [2][-]{subsection.4.1.2}{PARTICIPACI\323N EN EL EXPERIMENTO CMS DEL LHC: RUN2}{section.4.1}% 34
\BOOKMARK [2][-]{subsection.4.1.3}{XDC: EXTREME DATACLOUD}{section.4.1}% 35
\BOOKMARK [2][-]{subsection.4.1.4}{CENTRO DE PROCESADO DE DATOS PARA EL LHC: TIER-2 PARA EL EXPERIMENTO CMS EN EL IFCA}{section.4.1}% 36
\BOOKMARK [2][-]{subsection.4.1.5}{HIGH PT PHYSICS WITH CMS AND UPGRADES OF THE CMS BARREL PIXEL DETECTOR}{section.4.1}% 37
\BOOKMARK [2][-]{subsection.4.1.6}{MEASUREMENTS OF HIGGS BOSON PROPERTIES AND SEARCHES FOR SUPERSYMMETRY WITH CMS}{section.4.1}% 38
\BOOKMARK [2][-]{subsection.4.1.7}{Characterization of the Higgs Boson and Searches for Supersymmetry with CMS}{section.4.1}% 39
\BOOKMARK [2][-]{subsection.4.1.8}{SEARCH FOR NEW PHYSICS MEASUREMENTS OF THE HIGGS BOSON PROPERTIES WITH CMS}{section.4.1}% 40
\BOOKMARK [2][-]{subsection.4.1.9}{Desarrollo y operaciones de un TIER-2 federado para el experimento CMS}{section.4.1}% 41
\BOOKMARK [2][-]{subsection.4.1.10}{Participaci\363n en los experimentos CMS y CDF}{section.4.1}% 42
\BOOKMARK [2][-]{subsection.4.1.11}{F\355sica en colisionadores hadr\363nicos \(experimentos CMS y CDF\)}{section.4.1}% 43
\BOOKMARK [1][-]{section.4.2}{Contratos, convenios o proyectos de I+D+i no competitivos con Administraciones o entidades p\372blicas o privadas}{chapter.4}% 44
\BOOKMARK [2][-]{subsection.4.2.1}{DESARROLLO DE UN SISTEMA DE ADQUISICI\323N DE DATOS INTELIGENTE \(DAQ\) PARA LA CARACTERIZACI\323N, CORRECCI\323N Y OBTENCI\323N DE TRAZAS EN DETECTORES DE MUONES de la Universidad de Cantabria}{section.4.2}% 45
\BOOKMARK [2][-]{subsection.4.2.2}{Evoluci\363n poblacional de municipios en riesgo de despoblamiento mediante gemelos digitales}{section.4.2}% 46
\BOOKMARK [2][-]{subsection.4.2.3}{Co-fundaci\363n y consultor\355as para la empresa Muon Tomography Systems S.L. \(2015-2017\)}{section.4.2}% 47
\BOOKMARK [0][-]{chapter.5}{Actividad Cient\355fica y Tecnolog\355ca}{}% 48
\BOOKMARK [1][-]{section.5.1}{Publicaciones cient\355ficas indexadas en JCR}{chapter.5}% 49
\BOOKMARK [2][-]{subsection.5.1.1}{CMS TECHNICAL DESIGN REPORT VOLUME II PHYSICS PERFORMANCE}{section.5.1}% 50
\BOOKMARK [2][-]{subsection.5.1.2}{The CMS Experiment at the CERN LHC}{section.5.1}% 51
\BOOKMARK [2][-]{subsection.5.1.3}{CMS MUON ALIGNMENT SYSTEM DESCRIPTION AND FIRST RESULTS}{section.5.1}% 52
\BOOKMARK [2][-]{subsection.5.1.4}{OFFLINE CALIBRATION PROCEDURE OF THE CMS DRIFT TUBE DETECTORS}{section.5.1}% 53
\BOOKMARK [2][-]{subsection.5.1.5}{MOTIONS OF CMS DETECTOR STRUCTURES DUE TO THE MAGNETIC FIELD FORCES AS OBSERVED BY THE LINK ALIGNMENT SYSTEM DURING THE TEST OF THE 4 TESLA MAGNET SOLENOID}{section.5.1}% 54
\BOOKMARK [2][-]{subsection.5.1.6}{PRECISE MAPPING OF THE MAGNETIC FIELD IN THE CMS BARREL YOKE USING COSMIC RAYS}{section.5.1}% 55
\BOOKMARK [2][-]{subsection.5.1.7}{PERFORMANCE OF THE CMS DRIFT TUBE CHAMBERS WITH COSMIC RAYS}{section.5.1}% 56
\BOOKMARK [2][-]{subsection.5.1.8}{PERFORMANCE OF CMS MUON RECONSTRUCTION IN COSMIC-RAY EVENTS}{section.5.1}% 57
\BOOKMARK [2][-]{subsection.5.1.9}{COMMISSIONING OF THE CMS EXPERIMENT AND THE COSMIC RUN AT FOUR TESLA}{section.5.1}% 58
\BOOKMARK [2][-]{subsection.5.1.10}{CALIBRATION OF THE CMS DRIFT TUBE CHAMBERS AND MEASUREMENT OF THE DRIFT VELOCITY WITH COSMIC RAYS}{section.5.1}% 59
\BOOKMARK [2][-]{subsection.5.1.11}{CMS DATA PROCESSING WORKFLOWS DURING AN EXTENDED COSMIC RAY RUN}{section.5.1}% 60
\BOOKMARK [2][-]{subsection.5.1.12}{ALIGNMENT OF THE CMS MUON SYSTEM WITH COSMIC-RAY AND BEAM-HALO MUONS}{section.5.1}% 61
\BOOKMARK [2][-]{subsection.5.1.13}{ALIGNING THE CMS MUON CHAMBERS WITH THE MUON ALIGNMENT SYSTEM DURING AN EXTENDED COSMIC RAY RUN}{section.5.1}% 62
\BOOKMARK [2][-]{subsection.5.1.14}{MEASUREMENT OF THE CHARGE RATIO OF ATMOSPHERIC MUONS WITH THE CMS DETECTOR}{section.5.1}% 63
\BOOKMARK [2][-]{subsection.5.1.15}{SEARCH FOR PHYSICS BEYOND THE STANDARD MODEL IN OPPOSITE-SIGN DILEPTON EVENTS IN PP COLLISIONS AT SQRT S 7 TEV}{section.5.1}% 64
\BOOKMARK [2][-]{subsection.5.1.16}{Search for new physics with same-sign isolated dilepton events with jets and missing transverse energy at the LHC}{section.5.1}% 65
\BOOKMARK [2][-]{subsection.5.1.17}{SEARCH FOR PHYSICS BEYOND THE STANDARD MODEL IN EVENTS WITH A Z BOSON JETS AND MISSING TRANSVERSE ENERGY}{section.5.1}% 66
\BOOKMARK [2][-]{subsection.5.1.18}{SEARCH FOR NEW PHYSICS WITH SAME-SIGN ISOLATED DILEPTON EVENTS WITH JETS AND MISSING TRANSVERSE ENERGY}{section.5.1}% 67
\BOOKMARK [2][-]{subsection.5.1.19}{Search for new physics in events with same-sign dileptons and b-tagged jets in pp collisions at sqrt s 7 TeV}{section.5.1}% 68
\BOOKMARK [2][-]{subsection.5.1.20}{Observation of a new boson with a mass of 125 GeV with the CMS experiment at the LHC }{section.5.1}% 69
\BOOKMARK [2][-]{subsection.5.1.21}{SEARCH FOR SUPERSYMMETRY IN HADRONIC FINAL STATES USING MT2 IN PP COLLISIONS AT 7 TEV}{section.5.1}% 70
\BOOKMARK [2][-]{subsection.5.1.22}{Performance of CMS Muon Reconstruction in pp Collision Events at sqrt s 7 TeV}{section.5.1}% 71
\BOOKMARK [2][-]{subsection.5.1.23}{SEARCH FOR NEW PHYSICS IN EVENTS WITH OPPOSITE-SIGN LEPTONS JETS AND MISSING TRANSVERSE ENERGY in pp collisions at sqrt s 7 TeV}{section.5.1}% 72
\BOOKMARK [2][-]{subsection.5.1.24}{A new boson with a mass of 125 GeV observed with the CMS Experiment at the Large Hadron Collider}{section.5.1}% 73
\BOOKMARK [2][-]{subsection.5.1.25}{Search for Supersymmetry in Events with Opposite-Sign Dileptons and Missing Transverse Energy Using an Artificial Neural Network}{section.5.1}% 74
\BOOKMARK [2][-]{subsection.5.1.26}{INTERPRETATION OF SEARCHES FOR SUPERSYMMETRY WITH SIMPLIFIED MODELS}{section.5.1}% 75
\BOOKMARK [2][-]{subsection.5.1.27}{Search for new physics in events with same-sign dileptons and jets in pp collisions at sqrt s 8 TeV}{section.5.1}% 76
\BOOKMARK [2][-]{subsection.5.1.28}{Search for Physics Beyond the Standard Model in Events with Two Leptons Jets and Missing Transverse Momentum in pp Collisions at sqrt s 8 TeV}{section.5.1}% 77
\BOOKMARK [2][-]{subsection.5.1.29}{Searches for Supersymmetry using the MT2 Variable in Hadronic Events Produced in pp Collisions at 8 TeV}{section.5.1}% 78
\BOOKMARK [2][-]{subsection.5.1.30}{Search for supersymmetry in the multijet and missing transverse momentum final state in pp collisions at 13 TeV}{section.5.1}% 79
\BOOKMARK [2][-]{subsection.5.1.31}{Search for new physics in same-sign dilepton events in proton\205proton collisions at sqrt s 13 TeV}{section.5.1}% 80
\BOOKMARK [2][-]{subsection.5.1.32}{Search for supersymmetry in pp collisions at sqrt s 13 TeV in the single-lepton final state using the sum of masses of large-radius jets}{section.5.1}% 81
\BOOKMARK [2][-]{subsection.5.1.33}{Search for new physics with the MT2 variable in all-jets final states produced in pp collisions at sqrt s 13 TeV}{section.5.1}% 82
\BOOKMARK [2][-]{subsection.5.1.34}{Phenomenological MSSM interpretation of CMS searches in pp collisions at sqrt s 7 and 8 TeV}{section.5.1}% 83
\BOOKMARK [2][-]{subsection.5.1.35}{Search for new physics in final states with two opposite-sign same-flavor leptons jets and missing transverse momentum in pp collisions at sqrt s 13 TeV}{section.5.1}% 84
\BOOKMARK [2][-]{subsection.5.1.36}{Inclusive search for supersymmetry using razor variables in pp collisions at sqrt s 13 TeV}{section.5.1}% 85
\BOOKMARK [2][-]{subsection.5.1.37}{The CMS Trigger System}{section.5.1}% 86
\BOOKMARK [2][-]{subsection.5.1.38}{Jet energy scale and resolution in the CMS experiment in pp collisions at 8 TeV}{section.5.1}% 87
\BOOKMARK [2][-]{subsection.5.1.39}{A search for new phenomena in pp collisions at sqrt s 13 TeV in final states with missing transverse momentum and at least one jet using the aT variable}{section.5.1}% 88
\BOOKMARK [2][-]{subsection.5.1.40}{Search for supersymmetry in multijet events with missing transverse momentum in proton-proton collisions at 13 TeV}{section.5.1}% 89
\BOOKMARK [2][-]{subsection.5.1.41}{Search for physics beyond the standard model in events with two leptons of same sign missing transverse momentum and jets in proton-proton collisions at sqrt s 13 TeV}{section.5.1}% 90
\BOOKMARK [2][-]{subsection.5.1.42}{Search for direct production of supersymmetric partners of the top quark in the all-jets final state in proton-proton collisions at sqrt s 13 TeV}{section.5.1}% 91
\BOOKMARK [2][-]{subsection.5.1.43}{Search for top squark pair production in pp collisions at sqrt s 13 TeV using single lepton events}{section.5.1}% 92
\BOOKMARK [2][-]{subsection.5.1.44}{Search for Supersymmetry in pp Collisions at sqrt s 13 TeV in the Single-Lepton Final State Using the Sum of Masses of Large-Radius Jets}{section.5.1}% 93
\BOOKMARK [2][-]{subsection.5.1.45}{Search for new phenomena with the MT2 variable in the all-hadronic final state produced in proton-proton collisions at sqrt s 13 TeV}{section.5.1}% 94
\BOOKMARK [2][-]{subsection.5.1.46}{Search for electroweak production of charginos and neutralinos in WH events in proton-proton collisions at sqrt s 13 TeV}{section.5.1}% 95
\BOOKMARK [2][-]{subsection.5.1.47}{Search for the pair production of third-generation squarks with two-body decays to a bottom or charm quark and a nuetralino in proton-proton collisions at sqrt s 13 TeV}{section.5.1}% 96
\BOOKMARK [2][-]{subsection.5.1.48}{Search for supersymmetry in proton-proton collisions at sqrt s 13 TeV using identified top quarks}{section.5.1}% 97
\BOOKMARK [2][-]{subsection.5.1.49}{Search for top squarks and dark matter particles in opposite-charge dilepton final states at sqrt s 13 TeV}{section.5.1}% 98
\BOOKMARK [2][-]{subsection.5.1.50}{Search for new phenomena in final states with two opposite-charge same-flavor leptons jets and missing transverse momentum in pp collisions at sqrt s 13 TeV}{section.5.1}% 99
\BOOKMARK [2][-]{subsection.5.1.51}{Combined search for electroweak production of charginos and neutralinos in proton-proton collisions at sqrt s 13 TeV}{section.5.1}% 100
\BOOKMARK [2][-]{subsection.5.1.52}{Search for electroweak production of charginos and neutralinos in multilepton final states in proton-proton collisions at sqrt s 13 TeV}{section.5.1}% 101
\BOOKMARK [2][-]{subsection.5.1.53}{Searches for pair production of charginos and top squarks in final states with two oppositely charged leptons in proton-proton collisions at sqrt s 13 TeV}{section.5.1}% 102
\BOOKMARK [2][-]{subsection.5.1.54}{Search for supersymmetry in events with a tau lepton pair and missing transverse momentum in proton-proton collisions at sqrt s 13 TeV}{section.5.1}% 103
\BOOKMARK [2][-]{subsection.5.1.55}{Non-destructive testing of industrial equipment using muon radiography}{section.5.1}% 104
\BOOKMARK [2][-]{subsection.5.1.56}{Search for dark matter particles produced in association with a top quark pair at sqrt s 13 TeV}{section.5.1}% 105
\BOOKMARK [2][-]{subsection.5.1.57}{Search for supersymmetric partners of electrons and muons in proton\205proton collisions at sqrt s 13TeV}{section.5.1}% 106
\BOOKMARK [2][-]{subsection.5.1.58}{Search for the pair production of light top squarks in the emu final state in proton-proton collisions at sqrt s 13 TeV}{section.5.1}% 107
\BOOKMARK [2][-]{subsection.5.1.59}{Search for supersymmetry in final states with two oppositely charged same-flavor leptons and missing transverse momentum in proton-proton collisions at sqrt\(s\) = 13 TeV}{section.5.1}% 108
\BOOKMARK [2][-]{subsection.5.1.60}{Machine Learning Methods for the Prediction of the Inclusion Content of Clean Steel Fabricated by Electric Arc Furnace and Rolling}{section.5.1}% 109
\BOOKMARK [1][-]{section.5.2}{Publicaciones cient\355ficas no indexadas en JCR}{chapter.5}% 110
\BOOKMARK [2][-]{subsection.5.2.1}{Muon Reconstruction in the CMS Detector}{section.5.2}% 111
\BOOKMARK [2][-]{subsection.5.2.2}{Una visi\363n global de la pandemia Covid-19: qu\351 sabemos y qu\351 estamos investigando desde el CSIC}{section.5.2}% 112
\BOOKMARK [1][-]{section.5.3}{Libros y cap\355tulos de libros}{chapter.5}% 113
\BOOKMARK [2][-]{subsection.5.3.1}{A MIP Timing Detector for the CMS Phase-2 Upgrade: Technical Design Report}{section.5.3}% 114
\BOOKMARK [1][-]{section.5.4}{Trabajos presentados en congresos nacionales o internacionales}{chapter.5}% 115
\BOOKMARK [2][-]{subsection.5.4.1}{The CMS Muon System Alignment}{section.5.4}% 116
\BOOKMARK [2][-]{subsection.5.4.2}{A software and computing prototype for CMS muon system alignment}{section.5.4}% 117
\BOOKMARK [2][-]{subsection.5.4.3}{THE CMS MUON SYSTEM ALIGNMENT FIRST RESULTS FROM COMMISSIONING RUNS}{section.5.4}% 118
\BOOKMARK [2][-]{subsection.5.4.4}{Muon Alignment in ATLAS and CMS}{section.5.4}% 119
\BOOKMARK [2][-]{subsection.5.4.5}{Commissioning and performance of the CMS detector}{section.5.4}% 120
\BOOKMARK [2][-]{subsection.5.4.6}{SUSY SEARCHES IN THE Z JETS MET FINAL STATE IN 7 TEV PP COLLISIONS WITH THE JET Z BALANCE METHOD}{section.5.4}% 121
\BOOKMARK [2][-]{subsection.5.4.7}{SEARCHES FOR SUSY IN EVENTS WITH TWO OR MORE LEPTONS AT CMS}{section.5.4}% 122
\BOOKMARK [2][-]{subsection.5.4.8}{SEARCH FOR BEYOND THE STANDARD MODEL PHYSICS IN MULTILEPTONIC AND PHOTONIC FINAL STATES WITH THE CMS DETECTOR}{section.5.4}% 123
\BOOKMARK [2][-]{subsection.5.4.9}{Review of Supersymmetry Searches at 13 TeV with the CMS experiment}{section.5.4}% 124
\BOOKMARK [2][-]{subsection.5.4.10}{Searches for BSM physics in the 2 leptons y MET final state}{section.5.4}% 125
\BOOKMARK [2][-]{subsection.5.4.11}{Dark Matter at the LHC}{section.5.4}% 126
\BOOKMARK [2][-]{subsection.5.4.12}{Application of muon tomography to the industry}{section.5.4}% 127
\BOOKMARK [2][-]{subsection.5.4.13}{Precision timing with the CMS MIP Timing Detector}{section.5.4}% 128
\BOOKMARK [2][-]{subsection.5.4.14}{Muography applied to the preventive maintenance of industrial equipment}{section.5.4}% 129
\BOOKMARK [2][-]{subsection.5.4.15}{COMCHA: Computing Challanges for the HLLHC and beyond}{section.5.4}% 130
\BOOKMARK [2][-]{subsection.5.4.16}{Timing for the CMS PhaseII Upgrade}{section.5.4}% 131
\BOOKMARK [2][-]{subsection.5.4.17}{Summary of SUSY searches}{section.5.4}% 132
\BOOKMARK [1][-]{section.5.5}{Trabajos presentados en seminarios}{chapter.5}% 133
\BOOKMARK [2][-]{subsection.5.5.1}{CMS SUSY SEARCHES AT 13 TEV}{section.5.5}% 134
\BOOKMARK [2][-]{subsection.5.5.2}{ActividadCientificaYTecnologica/Comparaci\363n de estrategias de control epidemiol\363gico basadas en simulaciones con agentes aut\363nomos y \351nfasis en el impacto del uso de aplicaciones de rastreo}{section.5.5}% 135
\BOOKMARK [2][-]{subsection.5.5.3}{ActividadCientificaYTecnologica/MAINTENANCE OF CRITICAL INDUSTRIAL EQUIPMENT USING COSMIC MUON RADIATION \(Zurich\)}{section.5.5}% 136
\BOOKMARK [2][-]{subsection.5.5.4}{ActividadCientificaYTecnologica/MAINTENANCE OF CRITICAL INDUSTRIAL EQUIPMENT USING COSMIC MUON RADIATION \(CIEMAT\)}{section.5.5}% 137
\BOOKMARK [2][-]{subsection.5.5.5}{ActividadCientificaYTecnologica/SUSY SEARCHES WITH TWO OPPOSITE SIGN LEPTONS}{section.5.5}% 138
\BOOKMARK [1][-]{section.5.6}{Trabajos presentados en workshops}{chapter.5}% 139
\BOOKMARK [1][-]{section.5.7}{Otras actividades de Divulgaci\363n}{chapter.5}% 140
\BOOKMARK [2][-]{subsection.5.7.1}{Caf\351 con Ciencia: Tomograf\355a mu\363nica: unha ollada ao interior da materia}{section.5.7}% 141
\BOOKMARK [2][-]{subsection.5.7.2}{Tardes Con Ciencia: Un universo supersim\351trico: explorando las fronteras de la f\355sica de part\355culas}{section.5.7}% 142
\BOOKMARK [2][-]{subsection.5.7.3}{Expandiendo la Ciencia: siete charlas en instutos y colegios de Cantabria}{section.5.7}% 143
\BOOKMARK [2][-]{subsection.5.7.4}{Participaci\363n en la noche de los investigadores durante los a\361os 2017, 2018, y 2019}{section.5.7}% 144
\BOOKMARK [2][-]{subsection.5.7.5}{Conferencia en el Ateneo de Santander: Un universo supersim\351trico: explorando las fronteras de la f\355sica de part\355culas}{section.5.7}% 145
\BOOKMARK [2][-]{subsection.5.7.6}{Pint of Science: Un universo extra\361o}{section.5.7}% 146
\BOOKMARK [2][-]{subsection.5.7.7}{Las nubes de la F\355sica, Aquae Talent Hub}{section.5.7}% 147
\BOOKMARK [2][-]{subsection.5.7.8}{La gravedad de lo invisible, Aquae Campus 2018}{section.5.7}% 148
\BOOKMARK [1][-]{section.5.8}{Otras m\351ritos asociados a la calidad y difusi\363n de resultados de la actividad investigadora}{chapter.5}% 149
\BOOKMARK [2][-]{subsection.5.8.1}{Memorandum de la European Physical Society acerca de la evaluaci\363n de F\355sicos de Part\355culas Experimentales}{section.5.8}% 150
\BOOKMARK [2][-]{subsection.5.8.2}{Carta de Filip Moorgart: coordinador de b\372squedas de Supersimetr\355a de CMS}{section.5.8}% 151
\BOOKMARK [2][-]{subsection.5.8.3}{Carta de Wolfgang Adam: Physics Coordinator de CMS}{section.5.8}% 152
\BOOKMARK [1][-]{section.5.9}{Organizaci\363n de actividades de I+D+i}{chapter.5}% 153
\BOOKMARK [2][-]{subsection.5.9.1}{CMS workshop at Santander, Organizador del workshop}{section.5.9}% 154
\BOOKMARK [2][-]{subsection.5.9.2}{CMS workshop at Viena, Comit\351 cient\355fico del workshop}{section.5.9}% 155
\BOOKMARK [2][-]{subsection.5.9.3}{CMS workshop at Ghent, Comit\351 cient\355fico del workshop}{section.5.9}% 156
\BOOKMARK [2][-]{subsection.5.9.4}{CMS workshop at Chicago, Comit\351 cient\355fico del workshop}{section.5.9}% 157
\BOOKMARK [2][-]{subsection.5.9.5}{CMS workshop at Lisboa, Comit\351 cient\355fico del workshop}{section.5.9}% 158
\BOOKMARK [2][-]{subsection.5.9.6}{Muon workshop at CERN, Comit\351 cient\355fico del workshop}{section.5.9}% 159
\BOOKMARK [1][-]{section.5.10}{Gesti\363n de I+D+i}{chapter.5}% 160
\BOOKMARK [2][-]{subsection.5.10.1}{Co-coordinador \(L2\) del Data Performance Group \(DPG\) del MTD \(2021-2023\)}{section.5.10}% 161
\BOOKMARK [2][-]{subsection.5.10.2}{Co-coordinador \(L2\) del Data Performance Group \(DPG\) del MTD \(2019-2021\)}{section.5.10}% 162
\BOOKMARK [2][-]{subsection.5.10.3}{Co-coordinador \(L3\) del grupo UPSG Contact and Physics Case del DPG del MTD}{section.5.10}% 163
\BOOKMARK [2][-]{subsection.5.10.4}{Representante espa\361ol del Financial Board del MTD}{section.5.10}% 164
\BOOKMARK [2][-]{subsection.5.10.5}{Representante del IFCA en el Institutional Board del MTD}{section.5.10}% 165
\BOOKMARK [2][-]{subsection.5.10.6}{Co-coordinador \(L3\) del grupo DQM, Validation and Certification del grupo de muones de CMS}{section.5.10}% 166
\BOOKMARK [2][-]{subsection.5.10.7}{Co-coordinador \(L3\) del Third Generation Searches del SUSY group de CMS}{section.5.10}% 167
\BOOKMARK [2][-]{subsection.5.10.8}{Co-coordinador \(L3\) del Trigger, MonteCarlo and Interpretations del SUSY group de CMS}{section.5.10}% 168
\BOOKMARK [1][-]{section.5.11}{Foros y comit\351s nacionales e internacionales}{chapter.5}% 169
\BOOKMARK [2][-]{subsection.5.11.1}{Carta de designaci\363n como participante en el meeting: Technical Meeting on Non-Destructive Testing Using Muon Radiography: Present Status and Emerging Applications}{section.5.11}% 170
\BOOKMARK [1][-]{section.5.12}{Evaluaci\363n y revisi\363n de proyectos y art\355culos de I+D+i}{chapter.5}% 171
\BOOKMARK [2][-]{subsection.5.12.1}{Referee de European Physics Journal C}{section.5.12}% 172
\BOOKMARK [2][-]{subsection.5.12.2}{Participaci\363n en paneles de evaluaci\363n del plan nacional de I+D}{section.5.12}% 173
\BOOKMARK [1][-]{section.5.13}{Estancias en centros de I+D p\372blicos y privados}{chapter.5}% 174
\BOOKMARK [2][-]{subsection.5.13.1}{Estancia en el Centro Europeo de Investigaci\363n de Part\355culas \(CERN\) Junio 2006 - Agosto 2006}{section.5.13}% 175
\BOOKMARK [2][-]{subsection.5.13.2}{Estancia en el Centro Europeo de Investigaci\363n de Part\355culas \(CERN\) Junio 2007 - Agosto 2007}{section.5.13}% 176
\BOOKMARK [2][-]{subsection.5.13.3}{Estancia en el Centro Europeo de Investigaci\363n de Part\355culas \(CERN\) Marzo 2008 - Octubre 2009}{section.5.13}% 177
\BOOKMARK [2][-]{subsection.5.13.4}{Estancia en el Centro Europeo de Investigaci\363n de Part\355culas \(CERN\) Octubre 2010 - Febrero 2017}{section.5.13}% 178
\BOOKMARK [1][-]{section.5.14}{Ayudas y becas obtenidas}{chapter.5}% 179
\BOOKMARK [2][-]{subsection.5.14.1}{Contrato Ram\363n y Cajal Marzo 2017}{section.5.14}% 180
\BOOKMARK [2][-]{subsection.5.14.2}{Beca de Formaci\363n del Personal Universitario \(FPU\) \(BECA RECHAZADA VOLUNTARIAMENTE POR HABER RECIBIDO DE FORMA SIMULTANEA OTRA MAS BENEFICIOSA\)}{section.5.14}% 181
\BOOKMARK [2][-]{subsection.5.14.3}{Becas predoctorales para el desarrollo de tesis doctorales en l\355neas de investigaci\363n con inter\351s para el sector industrial.}{section.5.14}% 182
\BOOKMARK [2][-]{subsection.5.14.4}{Beca de introducci\363n a la investigaci\363n para alumnos de \372ltimo curso de carrera}{section.5.14}% 183
\BOOKMARK [2][-]{subsection.5.14.5}{Beca de Colaboraci\363n con grupos de Investigaci\363n.}{section.5.14}% 184
\BOOKMARK [2][-]{subsection.5.14.6}{Beca de introducci\363n a la investigaci\363n para alumnos de pen\372ltimo curso de carrera.}{section.5.14}% 185
\BOOKMARK [1][-]{section.5.15}{Premios, menciones y distinciones}{chapter.5}% 186
\BOOKMARK [2][-]{subsection.5.15.1}{Premio de la colaboraci\363n CMS Achievement Award}{section.5.15}% 187
\BOOKMARK [2][-]{subsection.5.15.2}{Premio extraordinario de doctorado}{section.5.15}% 188
\BOOKMARK [2][-]{subsection.5.15.3}{Premio extraordinario de fin de carrera}{section.5.15}% 189
\BOOKMARK [2][-]{subsection.5.15.4}{Premio extraordinario de bachillerato unificado polivalente}{section.5.15}% 190
\BOOKMARK [2][-]{subsection.5.15.5}{Menci\363n de honor en la Olimpiada de F\355sica Nacional}{section.5.15}% 191
\BOOKMARK [2][-]{subsection.5.15.6}{Ganador de la Olimpiada de F\355sica Local en Cantabria}{section.5.15}% 192
\BOOKMARK [0][-]{chapter.6}{Actividad docente}{}% 193
\BOOKMARK [1][-]{section.6.1}{Puestos docentes ocupados}{chapter.6}% 194
\BOOKMARK [2][-]{subsection.6.1.1}{Profesor asistente en la ETH Zurich \(2010-2014\)}{section.6.1}% 195
\BOOKMARK [2][-]{subsection.6.1.2}{Profesor asistente en la ETH Zurich \(2014-2017\)}{section.6.1}% 196
\BOOKMARK [2][-]{subsection.6.1.3}{Ram\363n y Cajal en la Universidad de Cantabria \(2017-presente\)}{section.6.1}% 197
\BOOKMARK [1][-]{section.6.2}{Tesis doctorales dirigidas}{chapter.6}% 198
\BOOKMARK [2][-]{subsection.6.2.1}{B\372squeda de materia oscura en asociaci\363n con pares de quarks top en el experimento CMS}{section.6.2}% 199
\BOOKMARK [1][-]{section.6.3}{Tesis doctorales dirigidas actualmente}{chapter.6}% 200
\BOOKMARK [2][-]{subsection.6.3.1}{B\372squeda de materia oscura en asociaci\363n con pares de quarks top y single top en el experimento CMS}{section.6.3}% 201
\BOOKMARK [2][-]{subsection.6.3.2}{B\372squeda de part\355culas de larga vida media en el experimento CMS}{section.6.3}% 202
\BOOKMARK [2][-]{subsection.6.3.3}{Desarrollo de algoritmos de reconstrucci\363n para tomograf\355a mu\363nica}{section.6.3}% 203
\BOOKMARK [1][-]{section.6.4}{Direcci\363n de proyectos fin de carrera, tesinas, trabajo fin de m\341ster, m\341ster, DEA, etc}{chapter.6}% 204
\BOOKMARK [2][-]{subsection.6.4.1}{TFG: Mejora de la discriminaci\363n de se\361al y fondo en una b\372squeda de materia oscura producida en asociaci\363n con un par de quarks top- antitop}{section.6.4}% 205
\BOOKMARK [2][-]{subsection.6.4.2}{TFG: Simulaciones realistas de colisiones prot\363n - prot\363n en el Large Hadron Collider LHC usando una red convolucional extractora de correlaciones locales}{section.6.4}% 206
\BOOKMARK [2][-]{subsection.6.4.3}{TFM: Higgs production cross section at 13 TeV and prospects on BSM searches for the HL-LHC}{section.6.4}% 207
\BOOKMARK [2][-]{subsection.6.4.4}{TFG: APLICACI\323N A F\315SICA DE PART\315CULAS DE M\311TODOS DE CLASIFICACI\323N MULTIDIMENSIONALES EN PRESENCIA DE ERRORES SISTEM\301TICOS}{section.6.4}% 208
\BOOKMARK [2][-]{subsection.6.4.5}{TFG: Software de robot para el ensamblado de m\363dulos del Endcap Timing Layer del detector CMS}{section.6.4}% 209
\BOOKMARK [2][-]{subsection.6.4.6}{TFM: Desarrollo de un entorno de an\341lisis estad\355stico en el contexto de la muograf\355a aplicada a la industria}{section.6.4}% 210
\BOOKMARK [2][-]{subsection.6.4.7}{TFM: Estudio de t\351cnicas de computaci\363n cu\341ntica para la resoluci\363n de problemas de optimizaci\363n}{section.6.4}% 211
\BOOKMARK [2][-]{subsection.6.4.8}{TFM: Development of a new background rejection and estimation methods in a search for BSM physics with two leptons, jets, and missing transverse momentum using the CMS detector}{section.6.4}% 212
\BOOKMARK [2][-]{subsection.6.4.9}{TFM: T\351cnicas de aprendizaje autom\341tico profundo para la asignaci\363n de momento a muones altamente energ\351ticos en el experimento CMS del LHC}{section.6.4}% 213
\BOOKMARK [2][-]{subsection.6.4.10}{TFM: B\372squedas de s-top supersim\351trico en el LHC del CERN y proyecciones para el HL-LHC}{section.6.4}% 214
\BOOKMARK [2][-]{subsection.6.4.11}{TFM: Discriminaci\363n de eventos de producci\363n de pares de quarks top del Modelo Est\341ndar, de la producci\363n de materia oscura en asociaci\363n con un par de quark tops tilizando una red neuronal artificial}{section.6.4}% 215
\BOOKMARK [2][-]{subsection.6.4.12}{TFG: Reconstruccion del momento transverso de un mediador de materia oscura utilizando una red neuronal artificial}{section.6.4}% 216
\BOOKMARK [2][-]{subsection.6.4.13}{TFM: Estudios del fill factor y software de robot para el endcap timing layer introducido en CMS}{section.6.4}% 217
\BOOKMARK [1][-]{section.6.5}{Otros m\351ritos relacionados con la actividad docente}{chapter.6}% 218
\BOOKMARK [2][-]{subsection.6.5.1}{Calidad de la actividad docente}{section.6.5}% 219
\BOOKMARK [3][-]{subsubsection.6.5.1.1}{Evaluaci\363n de la calidad docente en la Universidad de Cantabria}{subsection.6.5.1}% 220
\BOOKMARK [3][-]{subsubsection.6.5.1.2}{Evaluaci\363n de la calidad docente en la ETH Zurich}{subsection.6.5.1}% 221
\BOOKMARK [2][-]{subsection.6.5.2}{Profesor en el CMS Data Analysis School in Pisa}{section.6.5}% 222
\BOOKMARK [2][-]{subsection.6.5.3}{Profesor en el First Computing Challenges \(COMCHA\) school}{section.6.5}% 223
\BOOKMARK [2][-]{subsection.6.5.4}{Participaci\363n en tribunales de trabajos de fin de grado}{section.6.5}% 224
\BOOKMARK [2][-]{subsection.6.5.5}{Participaci\363n en tribunales de trabajos de fin de m\341ster}{section.6.5}% 225
\BOOKMARK [2][-]{subsection.6.5.6}{Participaci\363n en tribunales de tesis doctorales}{section.6.5}% 226
